This file contains any messages produced by compilers while
running configure, to aid debugging if configure makes a mistake.

It was created by multiarcball configure 0.2.3, which was
generated by GNU Autoconf 2.65.  Invocation command line was

  $ ./configure 

## --------- ##
## Platform. ##
## --------- ##

hostname = vb-lenovo
uname -m = x86_64
uname -r = 3.4.9-1-ARCH
uname -s = Linux
uname -v = #1 SMP PREEMPT Wed Aug 15 18:59:31 CEST 2012

/usr/bin/uname -p = unknown
/bin/uname -X     = unknown

/bin/arch              = unknown
/usr/bin/arch -k       = unknown
/usr/convex/getsysinfo = unknown
/usr/bin/hostinfo      = unknown
/bin/machine           = unknown
/usr/bin/oslevel       = unknown
/bin/universe          = unknown

PATH: /usr/local/bin
PATH: /usr/bin
PATH: /bin
PATH: /usr/local/sbin
PATH: /usr/sbin
PATH: /sbin
PATH: /opt/android-sdk/platform-tools
PATH: /opt/android-sdk/tools
PATH: /usr/bin/core_perl
PATH: /home/vedran/.cabal/bin
PATH: /home/vedran/.xmonad/bin
PATH: /home/vedran/.cabal/bin
PATH: /home/vedran/.xmonad/bin
PATH: /home/vedran/.cabal/bin
PATH: /home/vedran/.xmonad/bin
PATH: /home/vedran/.cabal/bin
PATH: /home/vedran/.xmonad/bin


## ----------- ##
## Core tests. ##
## ----------- ##

configure:2553: checking for a BSD-compatible install
configure:2621: result: /usr/bin/install -c
configure:2632: checking whether build environment is sane
configure:2669: result: yes
configure:2796: checking for a thread-safe mkdir -p
configure:2835: result: /bin/mkdir -p
configure:2848: checking for gawk
configure:2864: found /usr/bin/gawk
configure:2875: result: gawk
configure:2886: checking whether make sets $(MAKE)
configure:2908: result: yes
configure:3070: checking for g++
configure:3086: found /usr/bin/g++
configure:3097: result: g++
configure:3124: checking for C++ compiler version
configure:3133: g++ --version >&5
g++ (GCC) 4.7.1 20120721 (prerelease)
Copyright (C) 2012 Free Software Foundation, Inc.
This is free software; see the source for copying conditions.  There is NO
warranty; not even for MERCHANTABILITY or FITNESS FOR A PARTICULAR PURPOSE.

configure:3144: $? = 0
configure:3133: g++ -v >&5
Using built-in specs.
COLLECT_GCC=g++
COLLECT_LTO_WRAPPER=/usr/lib/gcc/x86_64-unknown-linux-gnu/4.7.1/lto-wrapper
Target: x86_64-unknown-linux-gnu
Configured with: /build/src/gcc-4.7-20120721/configure --prefix=/usr --libdir=/usr/lib --libexecdir=/usr/lib --mandir=/usr/share/man --infodir=/usr/share/info --with-bugurl=https://bugs.archlinux.org/ --enable-languages=c,c++,ada,fortran,go,lto,objc,obj-c++ --enable-shared --enable-threads=posix --with-system-zlib --enable-__cxa_atexit --disable-libunwind-exceptions --enable-clocale=gnu --disable-libstdcxx-pch --enable-libstdcxx-time --enable-gnu-unique-object --enable-linker-build-id --with-ppl --enable-cloog-backend=isl --disable-ppl-version-check --disable-cloog-version-check --enable-lto --enable-gold --enable-ld=default --enable-plugin --with-plugin-ld=ld.gold --with-linker-hash-style=gnu --disable-multilib --disable-libssp --disable-build-with-cxx --disable-build-poststage1-with-cxx --enable-checking=release
Thread model: posix
gcc version 4.7.1 20120721 (prerelease) (GCC) 
configure:3144: $? = 0
configure:3133: g++ -V >&5
g++: error: unrecognized command line option '-V'
g++: fatal error: no input files
compilation terminated.
configure:3144: $? = 1
configure:3133: g++ -qversion >&5
g++: error: unrecognized command line option '-qversion'
g++: fatal error: no input files
compilation terminated.
configure:3144: $? = 1
configure:3164: checking whether the C++ compiler works
configure:3186: g++    conftest.cpp  >&5
configure:3190: $? = 0
configure:3239: result: yes
configure:3242: checking for C++ compiler default output file name
configure:3244: result: a.out
configure:3250: checking for suffix of executables
configure:3257: g++ -o conftest    conftest.cpp  >&5
configure:3261: $? = 0
configure:3283: result: 
configure:3305: checking whether we are cross compiling
configure:3313: g++ -o conftest    conftest.cpp  >&5
configure:3317: $? = 0
configure:3324: ./conftest
configure:3328: $? = 0
configure:3343: result: no
configure:3348: checking for suffix of object files
configure:3370: g++ -c   conftest.cpp >&5
configure:3374: $? = 0
configure:3395: result: o
configure:3399: checking whether we are using the GNU C++ compiler
configure:3418: g++ -c   conftest.cpp >&5
configure:3418: $? = 0
configure:3427: result: yes
configure:3436: checking whether g++ accepts -g
configure:3456: g++ -c -g  conftest.cpp >&5
configure:3456: $? = 0
configure:3497: result: yes
configure:3531: checking for style of include used by make
configure:3559: result: GNU
configure:3584: checking dependency style of g++
configure:3694: result: gcc3
configure:3757: checking for gcc
configure:3773: found /usr/bin/gcc
configure:3784: result: gcc
configure:4013: checking for C compiler version
configure:4022: gcc --version >&5
gcc (GCC) 4.7.1 20120721 (prerelease)
Copyright (C) 2012 Free Software Foundation, Inc.
This is free software; see the source for copying conditions.  There is NO
warranty; not even for MERCHANTABILITY or FITNESS FOR A PARTICULAR PURPOSE.

configure:4033: $? = 0
configure:4022: gcc -v >&5
Using built-in specs.
COLLECT_GCC=gcc
COLLECT_LTO_WRAPPER=/usr/lib/gcc/x86_64-unknown-linux-gnu/4.7.1/lto-wrapper
Target: x86_64-unknown-linux-gnu
Configured with: /build/src/gcc-4.7-20120721/configure --prefix=/usr --libdir=/usr/lib --libexecdir=/usr/lib --mandir=/usr/share/man --infodir=/usr/share/info --with-bugurl=https://bugs.archlinux.org/ --enable-languages=c,c++,ada,fortran,go,lto,objc,obj-c++ --enable-shared --enable-threads=posix --with-system-zlib --enable-__cxa_atexit --disable-libunwind-exceptions --enable-clocale=gnu --disable-libstdcxx-pch --enable-libstdcxx-time --enable-gnu-unique-object --enable-linker-build-id --with-ppl --enable-cloog-backend=isl --disable-ppl-version-check --disable-cloog-version-check --enable-lto --enable-gold --enable-ld=default --enable-plugin --with-plugin-ld=ld.gold --with-linker-hash-style=gnu --disable-multilib --disable-libssp --disable-build-with-cxx --disable-build-poststage1-with-cxx --enable-checking=release
Thread model: posix
gcc version 4.7.1 20120721 (prerelease) (GCC) 
configure:4033: $? = 0
configure:4022: gcc -V >&5
gcc: error: unrecognized command line option '-V'
gcc: fatal error: no input files
compilation terminated.
configure:4033: $? = 1
configure:4022: gcc -qversion >&5
gcc: error: unrecognized command line option '-qversion'
gcc: fatal error: no input files
compilation terminated.
configure:4033: $? = 1
configure:4037: checking whether we are using the GNU C compiler
configure:4056: gcc -c   conftest.c >&5
configure:4056: $? = 0
configure:4065: result: yes
configure:4074: checking whether gcc accepts -g
configure:4094: gcc -c -g  conftest.c >&5
configure:4094: $? = 0
configure:4135: result: yes
configure:4152: checking for gcc option to accept ISO C89
configure:4216: gcc  -c -g -O2  conftest.c >&5
configure:4216: $? = 0
configure:4229: result: none needed
configure:4251: checking dependency style of gcc
configure:4361: result: gcc3
configure:4415: checking build system type
configure:4429: result: x86_64-unknown-linux-gnu
configure:4449: checking host system type
configure:4462: result: x86_64-unknown-linux-gnu
configure:4503: checking how to print strings
configure:4530: result: printf
configure:4551: checking for a sed that does not truncate output
configure:4615: result: /bin/sed
configure:4633: checking for grep that handles long lines and -e
configure:4691: result: /usr/bin/grep
configure:4696: checking for egrep
configure:4758: result: /usr/bin/grep -E
configure:4763: checking for fgrep
configure:4825: result: /usr/bin/grep -F
configure:4860: checking for ld used by gcc
configure:4927: result: /usr/bin/ld
configure:4934: checking if the linker (/usr/bin/ld) is GNU ld
configure:4949: result: yes
configure:4961: checking for BSD- or MS-compatible name lister (nm)
configure:5010: result: /usr/bin/nm -B
configure:5140: checking the name lister (/usr/bin/nm -B) interface
configure:5147: g++ -c -g -O2  conftest.cpp >&5
configure:5150: /usr/bin/nm -B "conftest.o"
configure:5153: output
0000000000000000 B some_variable
configure:5160: result: BSD nm
configure:5163: checking whether ln -s works
configure:5167: result: yes
configure:5175: checking the maximum length of command line arguments
configure:5300: result: 1572864
configure:5317: checking whether the shell understands some XSI constructs
configure:5327: result: yes
configure:5331: checking whether the shell understands "+="
configure:5337: result: yes
configure:5372: checking for /usr/bin/ld option to reload object files
configure:5379: result: -r
configure:5448: checking for objdump
configure:5464: found /usr/bin/objdump
configure:5475: result: objdump
configure:5507: checking how to recognize dependent libraries
configure:5709: result: pass_all
configure:5769: checking for ar
configure:5785: found /usr/bin/ar
configure:5796: result: ar
configure:5874: checking for strip
configure:5890: found /usr/bin/strip
configure:5901: result: strip
configure:5973: checking for ranlib
configure:5989: found /usr/bin/ranlib
configure:6000: result: ranlib
configure:6102: checking command to parse /usr/bin/nm -B output from gcc object
configure:6220: g++ -c -g -O2  conftest.cpp >&5
configure:6223: $? = 0
configure:6227: /usr/bin/nm -B conftest.o \| sed -n -e 's/^.*[ ]\([ABCDGIRSTW][ABCDGIRSTW]*\)[ ][ ]*\([_A-Za-z][_A-Za-z0-9]*\)$/\1 \2 \2/p' \> conftest.nm
configure:6230: $? = 0
configure:6284: g++ -o conftest -g -O2   conftest.cpp conftstm.o >&5
configure:6287: $? = 0
configure:6325: result: ok
configure:6421: g++ -c -g -O2  conftest.cpp >&5
configure:6424: $? = 0
configure:7166: checking how to run the C preprocessor
configure:7197: gcc -E  conftest.c
configure:7197: $? = 0
configure:7211: gcc -E  conftest.c
conftest.c:11:28: fatal error: ac_nonexistent.h: No such file or directory
compilation terminated.
configure:7211: $? = 1
configure: failed program was:
| /* confdefs.h */
| #define PACKAGE_NAME "multiarcball"
| #define PACKAGE_TARNAME "multiarcball"
| #define PACKAGE_VERSION "0.2.3"
| #define PACKAGE_STRING "multiarcball 0.2.3"
| #define PACKAGE_BUGREPORT "yfdrnchk at mail dot ru"
| #define PACKAGE_URL ""
| #define PACKAGE "multiarcball"
| #define VERSION "0.2.3"
| /* end confdefs.h.  */
| #include <ac_nonexistent.h>
configure:7236: result: gcc -E
configure:7256: gcc -E  conftest.c
configure:7256: $? = 0
configure:7270: gcc -E  conftest.c
conftest.c:11:28: fatal error: ac_nonexistent.h: No such file or directory
compilation terminated.
configure:7270: $? = 1
configure: failed program was:
| /* confdefs.h */
| #define PACKAGE_NAME "multiarcball"
| #define PACKAGE_TARNAME "multiarcball"
| #define PACKAGE_VERSION "0.2.3"
| #define PACKAGE_STRING "multiarcball 0.2.3"
| #define PACKAGE_BUGREPORT "yfdrnchk at mail dot ru"
| #define PACKAGE_URL ""
| #define PACKAGE "multiarcball"
| #define VERSION "0.2.3"
| /* end confdefs.h.  */
| #include <ac_nonexistent.h>
configure:7299: checking for ANSI C header files
configure:7319: gcc -c -g -O2  conftest.c >&5
configure:7319: $? = 0
configure:7392: gcc -o conftest -g -O2   conftest.c  >&5
configure:7392: $? = 0
configure:7392: ./conftest
configure:7392: $? = 0
configure:7403: result: yes
configure:7416: checking for sys/types.h
configure:7416: gcc -c -g -O2  conftest.c >&5
configure:7416: $? = 0
configure:7416: result: yes
configure:7416: checking for sys/stat.h
configure:7416: gcc -c -g -O2  conftest.c >&5
configure:7416: $? = 0
configure:7416: result: yes
configure:7416: checking for stdlib.h
configure:7416: gcc -c -g -O2  conftest.c >&5
configure:7416: $? = 0
configure:7416: result: yes
configure:7416: checking for string.h
configure:7416: gcc -c -g -O2  conftest.c >&5
configure:7416: $? = 0
configure:7416: result: yes
configure:7416: checking for memory.h
configure:7416: gcc -c -g -O2  conftest.c >&5
configure:7416: $? = 0
configure:7416: result: yes
configure:7416: checking for strings.h
configure:7416: gcc -c -g -O2  conftest.c >&5
configure:7416: $? = 0
configure:7416: result: yes
configure:7416: checking for inttypes.h
configure:7416: gcc -c -g -O2  conftest.c >&5
configure:7416: $? = 0
configure:7416: result: yes
configure:7416: checking for stdint.h
configure:7416: gcc -c -g -O2  conftest.c >&5
configure:7416: $? = 0
configure:7416: result: yes
configure:7416: checking for unistd.h
configure:7416: gcc -c -g -O2  conftest.c >&5
configure:7416: $? = 0
configure:7416: result: yes
configure:7431: checking for dlfcn.h
configure:7431: gcc -c -g -O2  conftest.c >&5
configure:7431: $? = 0
configure:7431: result: yes
configure:7618: checking for objdir
configure:7633: result: .libs
configure:7900: checking if gcc supports -fno-rtti -fno-exceptions
configure:7918: gcc -c -g -O2  -fno-rtti -fno-exceptions conftest.c >&5
cc1: warning: command line option '-fno-rtti' is valid for C++/ObjC++ but not for C [enabled by default]
configure:7922: $? = 0
configure:7935: result: no
configure:7955: checking for gcc option to produce PIC
configure:8240: result: -fPIC -DPIC
configure:8252: checking if gcc PIC flag -fPIC -DPIC works
configure:8270: gcc -c -g -O2  -fPIC -DPIC -DPIC conftest.c >&5
configure:8274: $? = 0
configure:8287: result: yes
configure:8311: checking if gcc static flag -static works
configure:8339: result: yes
configure:8354: checking if gcc supports -c -o file.o
configure:8375: gcc -c -g -O2  -o out/conftest2.o conftest.c >&5
configure:8379: $? = 0
configure:8401: result: yes
configure:8409: checking if gcc supports -c -o file.o
configure:8456: result: yes
configure:8489: checking whether the gcc linker (/usr/bin/ld -m elf_x86_64) supports shared libraries
configure:9564: result: yes
configure:9601: checking whether -lc should be explicitly linked in
configure:9609: gcc -c -g -O2  conftest.c >&5
configure:9612: $? = 0
configure:9627: gcc -shared conftest.o  -v -Wl,-soname -Wl,conftest -o conftest 2\>\&1 \| /usr/bin/grep  -lc  \>/dev/null 2\>\&1
configure:9630: $? = 0
configure:9644: result: no
configure:9809: checking dynamic linker characteristics
configure:10277: gcc -o conftest -g -O2   -Wl,-rpath -Wl,/foo conftest.c  >&5
configure:10277: $? = 0
configure:10499: result: GNU/Linux ld.so
configure:10606: checking how to hardcode library paths into programs
configure:10631: result: immediate
configure:11171: checking whether stripping libraries is possible
configure:11176: result: yes
configure:11211: checking if libtool supports shared libraries
configure:11213: result: yes
configure:11216: checking whether to build shared libraries
configure:11237: result: yes
configure:11240: checking whether to build static libraries
configure:11244: result: yes
configure:11267: checking how to run the C++ preprocessor
configure:11294: g++ -E  conftest.cpp
configure:11294: $? = 0
configure:11308: g++ -E  conftest.cpp
conftest.cpp:23:28: fatal error: ac_nonexistent.h: No such file or directory
compilation terminated.
configure:11308: $? = 1
configure: failed program was:
| /* confdefs.h */
| #define PACKAGE_NAME "multiarcball"
| #define PACKAGE_TARNAME "multiarcball"
| #define PACKAGE_VERSION "0.2.3"
| #define PACKAGE_STRING "multiarcball 0.2.3"
| #define PACKAGE_BUGREPORT "yfdrnchk at mail dot ru"
| #define PACKAGE_URL ""
| #define PACKAGE "multiarcball"
| #define VERSION "0.2.3"
| #define STDC_HEADERS 1
| #define HAVE_SYS_TYPES_H 1
| #define HAVE_SYS_STAT_H 1
| #define HAVE_STDLIB_H 1
| #define HAVE_STRING_H 1
| #define HAVE_MEMORY_H 1
| #define HAVE_STRINGS_H 1
| #define HAVE_INTTYPES_H 1
| #define HAVE_STDINT_H 1
| #define HAVE_UNISTD_H 1
| #define HAVE_DLFCN_H 1
| #define LT_OBJDIR ".libs/"
| /* end confdefs.h.  */
| #include <ac_nonexistent.h>
configure:11333: result: g++ -E
configure:11353: g++ -E  conftest.cpp
configure:11353: $? = 0
configure:11367: g++ -E  conftest.cpp
conftest.cpp:23:28: fatal error: ac_nonexistent.h: No such file or directory
compilation terminated.
configure:11367: $? = 1
configure: failed program was:
| /* confdefs.h */
| #define PACKAGE_NAME "multiarcball"
| #define PACKAGE_TARNAME "multiarcball"
| #define PACKAGE_VERSION "0.2.3"
| #define PACKAGE_STRING "multiarcball 0.2.3"
| #define PACKAGE_BUGREPORT "yfdrnchk at mail dot ru"
| #define PACKAGE_URL ""
| #define PACKAGE "multiarcball"
| #define VERSION "0.2.3"
| #define STDC_HEADERS 1
| #define HAVE_SYS_TYPES_H 1
| #define HAVE_SYS_STAT_H 1
| #define HAVE_STDLIB_H 1
| #define HAVE_STRING_H 1
| #define HAVE_MEMORY_H 1
| #define HAVE_STRINGS_H 1
| #define HAVE_INTTYPES_H 1
| #define HAVE_STDINT_H 1
| #define HAVE_UNISTD_H 1
| #define HAVE_DLFCN_H 1
| #define LT_OBJDIR ".libs/"
| /* end confdefs.h.  */
| #include <ac_nonexistent.h>
configure:11535: checking for ld used by g++
configure:11602: result: /usr/bin/ld -m elf_x86_64
configure:11609: checking if the linker (/usr/bin/ld -m elf_x86_64) is GNU ld
configure:11624: result: yes
configure:11679: checking whether the g++ linker (/usr/bin/ld -m elf_x86_64) supports shared libraries
configure:12611: result: yes
configure:12639: g++ -c -g -O2  conftest.cpp >&5
configure:12642: $? = 0
configure:12824: checking for g++ option to produce PIC
configure:13146: result: -fPIC -DPIC
configure:13155: checking if g++ PIC flag -fPIC -DPIC works
configure:13173: g++ -c -g -O2  -fPIC -DPIC -DPIC conftest.cpp >&5
configure:13177: $? = 0
configure:13190: result: yes
configure:13211: checking if g++ static flag -static works
configure:13239: result: yes
configure:13251: checking if g++ supports -c -o file.o
configure:13272: g++ -c -g -O2  -o out/conftest2.o conftest.cpp >&5
configure:13276: $? = 0
configure:13298: result: yes
configure:13303: checking if g++ supports -c -o file.o
configure:13350: result: yes
configure:13380: checking whether the g++ linker (/usr/bin/ld -m elf_x86_64) supports shared libraries
configure:13408: result: yes
configure:13551: checking dynamic linker characteristics
configure:14175: result: GNU/Linux ld.so
configure:14228: checking how to hardcode library paths into programs
configure:14253: result: immediate
configure:14392: checking for fltk-config
configure:14410: found /usr/bin/fltk-config
configure:14422: result: /usr/bin/fltk-config
configure:14447: checking X11/Xcursor/Xcursor.h usability
configure:14447: g++ -c -g -O2  conftest.cpp >&5
configure:14447: $? = 0
configure:14447: result: yes
configure:14447: checking X11/Xcursor/Xcursor.h presence
configure:14447: g++ -E  conftest.cpp
configure:14447: $? = 0
configure:14447: result: yes
configure:14447: checking for X11/Xcursor/Xcursor.h
configure:14447: result: yes
configure:14449: checking for XcursorImageLoadCursor in -lXcursor
configure:14474: g++ -o conftest -g -O2   conftest.cpp -lXcursor   >&5
configure:14474: $? = 0
configure:14483: result: yes
configure:14532: checking for fltk2-config
configure:14550: found /usr/bin/fltk2-config
configure:14562: result: /usr/bin/fltk2-config
configure:14664: checking for pkg-config
configure:14682: found /usr/bin/pkg-config
configure:14694: result: /usr/bin/pkg-config
configure:14719: checking pkg-config is at least version 0.9.0
configure:14722: result: yes
configure:14732: checking for GTKGLEXTMM
configure:14739: $PKG_CONFIG --exists --print-errors "gtkglextmm-1.2 >= 1.2"
Package gtkglextmm-1.2 was not found in the pkg-config search path.
Perhaps you should add the directory containing `gtkglextmm-1.2.pc'
to the PKG_CONFIG_PATH environment variable
No package 'gtkglextmm-1.2' found
configure:14742: $? = 1
configure:14755: $PKG_CONFIG --exists --print-errors "gtkglextmm-1.2 >= 1.2"
Package gtkglextmm-1.2 was not found in the pkg-config search path.
Perhaps you should add the directory containing `gtkglextmm-1.2.pc'
to the PKG_CONFIG_PATH environment variable
No package 'gtkglextmm-1.2' found
configure:14758: $? = 1
configure:14771: result: no
No package 'gtkglextmm-1.2' found
configure:14787: WARNING: "can not find gtkglextmm"
configure:14806: checking for PANGOFT2
configure:14813: $PKG_CONFIG --exists --print-errors "pangoft2"
configure:14816: $? = 0
configure:14829: $PKG_CONFIG --exists --print-errors "pangoft2"
configure:14832: $? = 0
configure:14873: result: yes
configure:14900: checking for stdbool.h that conforms to C99
configure:14985: g++ -c -g -O2  conftest.cpp >&5
configure:14985: $? = 0
configure:14992: result: yes
configure:14994: checking for _Bool
configure:14994: g++ -c -g -O2  conftest.cpp >&5
conftest.cpp: In function 'int main()':
conftest.cpp:59:13: error: '_Bool' was not declared in this scope
configure:14994: $? = 1
configure: failed program was:
| /* confdefs.h */
| #define PACKAGE_NAME "multiarcball"
| #define PACKAGE_TARNAME "multiarcball"
| #define PACKAGE_VERSION "0.2.3"
| #define PACKAGE_STRING "multiarcball 0.2.3"
| #define PACKAGE_BUGREPORT "yfdrnchk at mail dot ru"
| #define PACKAGE_URL ""
| #define PACKAGE "multiarcball"
| #define VERSION "0.2.3"
| #define STDC_HEADERS 1
| #define HAVE_SYS_TYPES_H 1
| #define HAVE_SYS_STAT_H 1
| #define HAVE_STDLIB_H 1
| #define HAVE_STRING_H 1
| #define HAVE_MEMORY_H 1
| #define HAVE_STRINGS_H 1
| #define HAVE_INTTYPES_H 1
| #define HAVE_STDINT_H 1
| #define HAVE_UNISTD_H 1
| #define HAVE_DLFCN_H 1
| #define LT_OBJDIR ".libs/"
| /* end confdefs.h.  */
| #include <stdio.h>
| #ifdef HAVE_SYS_TYPES_H
| # include <sys/types.h>
| #endif
| #ifdef HAVE_SYS_STAT_H
| # include <sys/stat.h>
| #endif
| #ifdef STDC_HEADERS
| # include <stdlib.h>
| # include <stddef.h>
| #else
| # ifdef HAVE_STDLIB_H
| #  include <stdlib.h>
| # endif
| #endif
| #ifdef HAVE_STRING_H
| # if !defined STDC_HEADERS && defined HAVE_MEMORY_H
| #  include <memory.h>
| # endif
| # include <string.h>
| #endif
| #ifdef HAVE_STRINGS_H
| # include <strings.h>
| #endif
| #ifdef HAVE_INTTYPES_H
| # include <inttypes.h>
| #endif
| #ifdef HAVE_STDINT_H
| # include <stdint.h>
| #endif
| #ifdef HAVE_UNISTD_H
| # include <unistd.h>
| #endif
| int
| main ()
| {
| if (sizeof (_Bool))
| 	 return 0;
|   ;
|   return 0;
| }
configure:14994: result: no
configure:15010: checking for an ANSI C-conforming const
configure:15075: g++ -c -g -O2  conftest.cpp >&5
configure:15075: $? = 0
configure:15082: result: yes
configure:15090: checking for inline
configure:15106: g++ -c -g -O2  conftest.cpp >&5
configure:15106: $? = 0
configure:15114: result: inline
configure:15132: checking for size_t
configure:15132: g++ -c -g -O2  conftest.cpp >&5
configure:15132: $? = 0
configure:15132: g++ -c -g -O2  conftest.cpp >&5
conftest.cpp: In function 'int main()':
conftest.cpp:60:20: error: expected primary-expression before ')' token
configure:15132: $? = 1
configure: failed program was:
| /* confdefs.h */
| #define PACKAGE_NAME "multiarcball"
| #define PACKAGE_TARNAME "multiarcball"
| #define PACKAGE_VERSION "0.2.3"
| #define PACKAGE_STRING "multiarcball 0.2.3"
| #define PACKAGE_BUGREPORT "yfdrnchk at mail dot ru"
| #define PACKAGE_URL ""
| #define PACKAGE "multiarcball"
| #define VERSION "0.2.3"
| #define STDC_HEADERS 1
| #define HAVE_SYS_TYPES_H 1
| #define HAVE_SYS_STAT_H 1
| #define HAVE_STDLIB_H 1
| #define HAVE_STRING_H 1
| #define HAVE_MEMORY_H 1
| #define HAVE_STRINGS_H 1
| #define HAVE_INTTYPES_H 1
| #define HAVE_STDINT_H 1
| #define HAVE_UNISTD_H 1
| #define HAVE_DLFCN_H 1
| #define LT_OBJDIR ".libs/"
| #define HAVE_STDBOOL_H 1
| /* end confdefs.h.  */
| #include <stdio.h>
| #ifdef HAVE_SYS_TYPES_H
| # include <sys/types.h>
| #endif
| #ifdef HAVE_SYS_STAT_H
| # include <sys/stat.h>
| #endif
| #ifdef STDC_HEADERS
| # include <stdlib.h>
| # include <stddef.h>
| #else
| # ifdef HAVE_STDLIB_H
| #  include <stdlib.h>
| # endif
| #endif
| #ifdef HAVE_STRING_H
| # if !defined STDC_HEADERS && defined HAVE_MEMORY_H
| #  include <memory.h>
| # endif
| # include <string.h>
| #endif
| #ifdef HAVE_STRINGS_H
| # include <strings.h>
| #endif
| #ifdef HAVE_INTTYPES_H
| # include <inttypes.h>
| #endif
| #ifdef HAVE_STDINT_H
| # include <stdint.h>
| #endif
| #ifdef HAVE_UNISTD_H
| # include <unistd.h>
| #endif
| int
| main ()
| {
| if (sizeof ((size_t)))
| 	    return 0;
|   ;
|   return 0;
| }
configure:15132: result: yes
configure:15145: checking for ANSI C header files
configure:15249: result: yes
configure:15259: checking for vprintf
configure:15259: g++ -o conftest -g -O2   conftest.cpp  >&5
configure:15259: $? = 0
configure:15259: result: yes
configure:15265: checking for _doprnt
configure:15265: g++ -o conftest -g -O2   conftest.cpp  >&5
/tmp/ccDnqXGG.o: In function `main':
/home/vedran/downloads/multiarcball/multiarcball-0.2.3/conftest.cpp:60: undefined reference to `_doprnt'
collect2: error: ld returned 1 exit status
configure:15265: $? = 1
configure: failed program was:
| /* confdefs.h */
| #define PACKAGE_NAME "multiarcball"
| #define PACKAGE_TARNAME "multiarcball"
| #define PACKAGE_VERSION "0.2.3"
| #define PACKAGE_STRING "multiarcball 0.2.3"
| #define PACKAGE_BUGREPORT "yfdrnchk at mail dot ru"
| #define PACKAGE_URL ""
| #define PACKAGE "multiarcball"
| #define VERSION "0.2.3"
| #define STDC_HEADERS 1
| #define HAVE_SYS_TYPES_H 1
| #define HAVE_SYS_STAT_H 1
| #define HAVE_STDLIB_H 1
| #define HAVE_STRING_H 1
| #define HAVE_MEMORY_H 1
| #define HAVE_STRINGS_H 1
| #define HAVE_INTTYPES_H 1
| #define HAVE_STDINT_H 1
| #define HAVE_UNISTD_H 1
| #define HAVE_DLFCN_H 1
| #define LT_OBJDIR ".libs/"
| #define HAVE_STDBOOL_H 1
| #define STDC_HEADERS 1
| #define HAVE_VPRINTF 1
| /* end confdefs.h.  */
| /* Define _doprnt to an innocuous variant, in case <limits.h> declares _doprnt.
|    For example, HP-UX 11i <limits.h> declares gettimeofday.  */
| #define _doprnt innocuous__doprnt
| 
| /* System header to define __stub macros and hopefully few prototypes,
|     which can conflict with char _doprnt (); below.
|     Prefer <limits.h> to <assert.h> if __STDC__ is defined, since
|     <limits.h> exists even on freestanding compilers.  */
| 
| #ifdef __STDC__
| # include <limits.h>
| #else
| # include <assert.h>
| #endif
| 
| #undef _doprnt
| 
| /* Override any GCC internal prototype to avoid an error.
|    Use char because int might match the return type of a GCC
|    builtin and then its argument prototype would still apply.  */
| #ifdef __cplusplus
| extern "C"
| #endif
| char _doprnt ();
| /* The GNU C library defines this for functions which it implements
|     to always fail with ENOSYS.  Some functions are actually named
|     something starting with __ and the normal name is an alias.  */
| #if defined __stub__doprnt || defined __stub____doprnt
| choke me
| #endif
| 
| int
| main ()
| {
| return _doprnt ();
|   ;
|   return 0;
| }
configure:15265: result: no
configure:15279: checking for memset
configure:15279: g++ -o conftest -g -O2   conftest.cpp  >&5
configure:15279: $? = 0
configure:15279: result: yes
configure:15279: checking for sqrt
configure:15279: g++ -o conftest -g -O2   conftest.cpp  >&5
configure:15279: $? = 0
configure:15279: result: yes
configure:15418: creating ./config.status

## ---------------------- ##
## Running config.status. ##
## ---------------------- ##

This file was extended by multiarcball config.status 0.2.3, which was
generated by GNU Autoconf 2.65.  Invocation command line was

  CONFIG_FILES    = 
  CONFIG_HEADERS  = 
  CONFIG_LINKS    = 
  CONFIG_COMMANDS = 
  $ ./config.status 

on vb-lenovo

config.status:1174: creating Makefile
config.status:1174: creating src/FLui/Makefile
config.status:1174: creating src/Makefile
config.status:1174: creating src/fltkui/Makefile
config.status:1174: creating src/gtkmmui/Makefile
config.status:1174: creating src/math/Makefile
config.status:1174: creating test/Makefile
config.status:1174: creating vc/Makefile
config.status:1174: creating multiarcball.pc
config.status:1174: creating multiarcball-FL.pc
config.status:1174: creating multiarcball-fltk2.pc
config.status:1174: creating multiarcballmm.pc
config.status:1174: creating config.h
config.status:1394: executing depfiles commands
config.status:1394: executing libtool commands

## ---------------- ##
## Cache variables. ##
## ---------------- ##

ac_cv_build=x86_64-unknown-linux-gnu
ac_cv_c_compiler_gnu=yes
ac_cv_c_const=yes
ac_cv_c_inline=inline
ac_cv_cxx_compiler_gnu=yes
ac_cv_env_CCC_set=
ac_cv_env_CCC_value=
ac_cv_env_CC_set=
ac_cv_env_CC_value=
ac_cv_env_CFLAGS_set=
ac_cv_env_CFLAGS_value=
ac_cv_env_CPPFLAGS_set=
ac_cv_env_CPPFLAGS_value=
ac_cv_env_CPP_set=
ac_cv_env_CPP_value=
ac_cv_env_CXXCPP_set=
ac_cv_env_CXXCPP_value=
ac_cv_env_CXXFLAGS_set=
ac_cv_env_CXXFLAGS_value=
ac_cv_env_CXX_set=
ac_cv_env_CXX_value=
ac_cv_env_GTKGLEXTMM_CFLAGS_set=
ac_cv_env_GTKGLEXTMM_CFLAGS_value=
ac_cv_env_GTKGLEXTMM_LIBS_set=
ac_cv_env_GTKGLEXTMM_LIBS_value=
ac_cv_env_LDFLAGS_set=
ac_cv_env_LDFLAGS_value=
ac_cv_env_LIBS_set=
ac_cv_env_LIBS_value=
ac_cv_env_PANGOFT2_CFLAGS_set=
ac_cv_env_PANGOFT2_CFLAGS_value=
ac_cv_env_PANGOFT2_LIBS_set=
ac_cv_env_PANGOFT2_LIBS_value=
ac_cv_env_PKG_CONFIG_LIBDIR_set=
ac_cv_env_PKG_CONFIG_LIBDIR_value=
ac_cv_env_PKG_CONFIG_PATH_set=
ac_cv_env_PKG_CONFIG_PATH_value=
ac_cv_env_PKG_CONFIG_set=
ac_cv_env_PKG_CONFIG_value=
ac_cv_env_build_alias_set=
ac_cv_env_build_alias_value=
ac_cv_env_host_alias_set=
ac_cv_env_host_alias_value=
ac_cv_env_target_alias_set=
ac_cv_env_target_alias_value=
ac_cv_func__doprnt=no
ac_cv_func_memset=yes
ac_cv_func_sqrt=yes
ac_cv_func_vprintf=yes
ac_cv_header_X11_Xcursor_Xcursor_h=yes
ac_cv_header_dlfcn_h=yes
ac_cv_header_inttypes_h=yes
ac_cv_header_memory_h=yes
ac_cv_header_stdbool_h=yes
ac_cv_header_stdc=yes
ac_cv_header_stdint_h=yes
ac_cv_header_stdlib_h=yes
ac_cv_header_string_h=yes
ac_cv_header_strings_h=yes
ac_cv_header_sys_stat_h=yes
ac_cv_header_sys_types_h=yes
ac_cv_header_unistd_h=yes
ac_cv_host=x86_64-unknown-linux-gnu
ac_cv_lib_Xcursor_XcursorImageLoadCursor=yes
ac_cv_objext=o
ac_cv_path_EGREP='/usr/bin/grep -E'
ac_cv_path_FGREP='/usr/bin/grep -F'
ac_cv_path_FLTK2=/usr/bin/fltk2-config
ac_cv_path_FLTK=/usr/bin/fltk-config
ac_cv_path_GREP=/usr/bin/grep
ac_cv_path_SED=/bin/sed
ac_cv_path_ac_pt_PKG_CONFIG=/usr/bin/pkg-config
ac_cv_path_install='/usr/bin/install -c'
ac_cv_path_mkdir=/bin/mkdir
ac_cv_prog_AWK=gawk
ac_cv_prog_CPP='gcc -E'
ac_cv_prog_CXXCPP='g++ -E'
ac_cv_prog_ac_ct_AR=ar
ac_cv_prog_ac_ct_CC=gcc
ac_cv_prog_ac_ct_CXX=g++
ac_cv_prog_ac_ct_OBJDUMP=objdump
ac_cv_prog_ac_ct_RANLIB=ranlib
ac_cv_prog_ac_ct_STRIP=strip
ac_cv_prog_cc_c89=
ac_cv_prog_cc_g=yes
ac_cv_prog_cxx_g=yes
ac_cv_prog_make_make_set=yes
ac_cv_type__Bool=no
ac_cv_type_size_t=yes
am_cv_CC_dependencies_compiler_type=gcc3
am_cv_CXX_dependencies_compiler_type=gcc3
lt_cv_archive_cmds_need_lc=no
lt_cv_deplibs_check_method=pass_all
lt_cv_file_magic_cmd='$MAGIC_CMD'
lt_cv_file_magic_test_file=
lt_cv_ld_reload_flag=-r
lt_cv_nm_interface='BSD nm'
lt_cv_objdir=.libs
lt_cv_path_LD=/usr/bin/ld
lt_cv_path_LDCXX='/usr/bin/ld -m elf_x86_64'
lt_cv_path_NM='/usr/bin/nm -B'
lt_cv_prog_compiler_c_o=yes
lt_cv_prog_compiler_c_o_CXX=yes
lt_cv_prog_compiler_pic_works=yes
lt_cv_prog_compiler_pic_works_CXX=yes
lt_cv_prog_compiler_rtti_exceptions=no
lt_cv_prog_compiler_static_works=yes
lt_cv_prog_compiler_static_works_CXX=yes
lt_cv_prog_gnu_ld=yes
lt_cv_prog_gnu_ldcxx=yes
lt_cv_shlibpath_overrides_runpath=no
lt_cv_sys_global_symbol_pipe='sed -n -e '\''s/^.*[	 ]\([ABCDGIRSTW][ABCDGIRSTW]*\)[	 ][	 ]*\([_A-Za-z][_A-Za-z0-9]*\)$/\1 \2 \2/p'\'''
lt_cv_sys_global_symbol_to_c_name_address='sed -n -e '\''s/^: \([^ ]*\) $/  {\"\1\", (void *) 0},/p'\'' -e '\''s/^[ABCDGIRSTW]* \([^ ]*\) \([^ ]*\)$/  {"\2", (void *) \&\2},/p'\'''
lt_cv_sys_global_symbol_to_c_name_address_lib_prefix='sed -n -e '\''s/^: \([^ ]*\) $/  {\"\1\", (void *) 0},/p'\'' -e '\''s/^[ABCDGIRSTW]* \([^ ]*\) \(lib[^ ]*\)$/  {"\2", (void *) \&\2},/p'\'' -e '\''s/^[ABCDGIRSTW]* \([^ ]*\) \([^ ]*\)$/  {"lib\2", (void *) \&\2},/p'\'''
lt_cv_sys_global_symbol_to_cdecl='sed -n -e '\''s/^T .* \(.*\)$/extern int \1();/p'\'' -e '\''s/^[ABCDGIRSTW]* .* \(.*\)$/extern char \1;/p'\'''
lt_cv_sys_max_cmd_len=1572864
pkg_cv_PANGOFT2_CFLAGS='-pthread -I/usr/include/pango-1.0 -I/usr/include/freetype2 -I/usr/include/glib-2.0 -I/usr/lib/glib-2.0/include  '
pkg_cv_PANGOFT2_LIBS='-lpangoft2-1.0 -lpango-1.0 -lfreetype -lfontconfig -lgobject-2.0 -lglib-2.0  '

## ----------------- ##
## Output variables. ##
## ----------------- ##

ACLOCAL='${SHELL} /home/vedran/downloads/multiarcball/multiarcball-0.2.3/missing --run aclocal-1.10'
AMDEPBACKSLASH='\'
AMDEP_FALSE='#'
AMDEP_TRUE=''
AMTAR='${SHELL} /home/vedran/downloads/multiarcball/multiarcball-0.2.3/missing --run tar'
AR='ar'
AUTOCONF='${SHELL} /home/vedran/downloads/multiarcball/multiarcball-0.2.3/missing --run autoconf'
AUTOHEADER='${SHELL} /home/vedran/downloads/multiarcball/multiarcball-0.2.3/missing --run autoheader'
AUTOMAKE='${SHELL} /home/vedran/downloads/multiarcball/multiarcball-0.2.3/missing --run automake-1.10'
AWK='gawk'
CC='gcc'
CCDEPMODE='depmode=gcc3'
CFLAGS='-g -O2'
CPP='gcc -E'
CPPFLAGS=''
CXX='g++'
CXXCPP='g++ -E'
CXXDEPMODE='depmode=gcc3'
CXXFLAGS='-g -O2'
CYGPATH_W='echo'
DEFS='-DHAVE_CONFIG_H'
DEPDIR='.deps'
DSYMUTIL=''
DUMPBIN=''
ECHO_C=''
ECHO_N='-n'
ECHO_T=''
EGREP='/usr/bin/grep -E'
EXEEXT=''
FGREP='/usr/bin/grep -F'
FL2_CXXFLAGS='-I/usr/include/freetype2 -march=x86-64 -mtune=generic -O2 -pipe -fstack-protector --param=ssp-buffer-size=4 -D_FORTIFY_SOURCE=2 -Wno-non-virtual-dtor -g -O2'
FL2_LDFLAGS='-Wl,-rpath,/usr/lib -lfltk2_gl -lGLU -lGL -lfltk2 -Wl,-O1,--sort-common,--as-needed,-z,relro,--hash-style=gnu -lX11 -lXi -lXinerama -lXft -ldl -lpthread -lm -lXext -lsupc++ '
FLTK2='/usr/bin/fltk2-config'
FLTK='/usr/bin/fltk-config'
FL_CXXFLAGS='-I/usr/include/freetype2 -march=x86-64 -mtune=generic -O2 -pipe -fstack-protector --param=ssp-buffer-size=4 -D_FORTIFY_SOURCE=2 -D_LARGEFILE_SOURCE -D_LARGEFILE64_SOURCE -D_THREAD_SAFE -D_REENTRANT -g -O2'
FL_LDFLAGS='-Wl,-rpath,/usr/lib -Wl,-O1,--sort-common,--as-needed,-z,relro,--hash-style=gnu -lfltk_gl -lGLU -lGL -lfltk -lXext -lXft -lfontconfig -lXinerama -lpthread -ldl -lm -lX11 '
GREP='/usr/bin/grep'
GTKGLEXTMM_CFLAGS=''
GTKGLEXTMM_LIBS=''
HAVE_FLTK2='1'
HAVE_FLTK='1'
HAVE_GTKMM='0'
HAVE_XCURSOR='1'
INSTALL_DATA='${INSTALL} -m 644'
INSTALL_PROGRAM='${INSTALL}'
INSTALL_SCRIPT='${INSTALL}'
INSTALL_STRIP_PROGRAM='$(install_sh) -c -s'
LD='/usr/bin/ld -m elf_x86_64'
LDFLAGS=''
LIBOBJS=''
LIBS=''
LIBTOOL='$(SHELL) $(top_builddir)/libtool'
LIB_OPENGL_32=' -lGLU -lGL'
LIB_XCURSOR='-lXcursor'
LIPO=''
LN_S='ln -s'
LTLIBOBJS=''
LTNOUNDEF=''
MAKEINFO='${SHELL} /home/vedran/downloads/multiarcball/multiarcball-0.2.3/missing --run makeinfo'
MA_LT_VERSION='2:0:1'
MKDIR_P='/bin/mkdir -p'
NM='/usr/bin/nm -B'
NMEDIT=''
OBJDUMP='objdump'
OBJEXT='o'
OTOOL64=''
OTOOL=''
PACKAGE='multiarcball'
PACKAGE_BUGREPORT='yfdrnchk at mail dot ru'
PACKAGE_NAME='multiarcball'
PACKAGE_STRING='multiarcball 0.2.3'
PACKAGE_TARNAME='multiarcball'
PACKAGE_URL=''
PACKAGE_VERSION='0.2.3'
PANGOFT2_CFLAGS='-pthread -I/usr/include/pango-1.0 -I/usr/include/freetype2 -I/usr/include/glib-2.0 -I/usr/lib/glib-2.0/include  '
PANGOFT2_LIBS='-lpangoft2-1.0 -lpango-1.0 -lfreetype -lfontconfig -lgobject-2.0 -lglib-2.0  '
PATH_SEPARATOR=':'
PKG_CONFIG='/usr/bin/pkg-config'
PKG_CONFIG_LIBDIR=''
PKG_CONFIG_PATH=''
RANLIB='ranlib'
SED='/bin/sed'
SET_MAKE=''
SHELL='/bin/sh'
STRIP='strip'
USE_FLTK2_FALSE='#'
USE_FLTK2_TRUE=''
USE_FLTK_FALSE='#'
USE_FLTK_TRUE=''
USE_GTK_FALSE=''
USE_GTK_TRUE='#'
VERSION='0.2.3'
ac_ct_CC='gcc'
ac_ct_CXX='g++'
ac_ct_DUMPBIN=''
am__fastdepCC_FALSE='#'
am__fastdepCC_TRUE=''
am__fastdepCXX_FALSE='#'
am__fastdepCXX_TRUE=''
am__include='include'
am__isrc=''
am__leading_dot='.'
am__quote=''
am__tar='${AMTAR} chof - "$$tardir"'
am__untar='${AMTAR} xf -'
bindir='${exec_prefix}/bin'
build='x86_64-unknown-linux-gnu'
build_alias=''
build_cpu='x86_64'
build_os='linux-gnu'
build_vendor='unknown'
datadir='${datarootdir}'
datarootdir='${prefix}/share'
docdir='${datarootdir}/doc/${PACKAGE_TARNAME}'
dvidir='${docdir}'
exec_prefix='${prefix}'
host='x86_64-unknown-linux-gnu'
host_alias=''
host_cpu='x86_64'
host_os='linux-gnu'
host_vendor='unknown'
htmldir='${docdir}'
includedir='${prefix}/include'
infodir='${datarootdir}/info'
install_sh='$(SHELL) /home/vedran/downloads/multiarcball/multiarcball-0.2.3/install-sh'
libdir='${exec_prefix}/lib'
libexecdir='${exec_prefix}/libexec'
localedir='${datarootdir}/locale'
localstatedir='${prefix}/var'
mandir='${datarootdir}/man'
mkdir_p='/bin/mkdir -p'
oldincludedir='/usr/include'
pdfdir='${docdir}'
prefix='/usr/local'
program_transform_name='s,x,x,'
psdir='${docdir}'
sbindir='${exec_prefix}/sbin'
sharedstatedir='${prefix}/com'
sysconfdir='${prefix}/etc'
target_alias=''

## ----------- ##
## confdefs.h. ##
## ----------- ##

/* confdefs.h */
#define PACKAGE_NAME "multiarcball"
#define PACKAGE_TARNAME "multiarcball"
#define PACKAGE_VERSION "0.2.3"
#define PACKAGE_STRING "multiarcball 0.2.3"
#define PACKAGE_BUGREPORT "yfdrnchk at mail dot ru"
#define PACKAGE_URL ""
#define PACKAGE "multiarcball"
#define VERSION "0.2.3"
#define STDC_HEADERS 1
#define HAVE_SYS_TYPES_H 1
#define HAVE_SYS_STAT_H 1
#define HAVE_STDLIB_H 1
#define HAVE_STRING_H 1
#define HAVE_MEMORY_H 1
#define HAVE_STRINGS_H 1
#define HAVE_INTTYPES_H 1
#define HAVE_STDINT_H 1
#define HAVE_UNISTD_H 1
#define HAVE_DLFCN_H 1
#define LT_OBJDIR ".libs/"
#define HAVE_STDBOOL_H 1
#define STDC_HEADERS 1
#define HAVE_VPRINTF 1
#define HAVE_MEMSET 1
#define HAVE_SQRT 1

configure: exit 0

## ---------------------- ##
## Running config.status. ##
## ---------------------- ##

This file was extended by multiarcball config.status 0.2.3, which was
generated by GNU Autoconf 2.65.  Invocation command line was

  CONFIG_FILES    = 
  CONFIG_HEADERS  = 
  CONFIG_LINKS    = 
  CONFIG_COMMANDS = 
  $ ./config.status 

on vb-lenovo

config.status:1174: creating Makefile
config.status:1174: creating src/FLui/Makefile
config.status:1174: creating src/Makefile
config.status:1174: creating src/fltkui/Makefile
config.status:1174: creating src/gtkmmui/Makefile
config.status:1174: creating src/math/Makefile
config.status:1174: creating test/Makefile
config.status:1174: creating vc/Makefile
config.status:1174: creating multiarcball.pc
config.status:1174: creating multiarcball-FL.pc
config.status:1174: creating multiarcball-fltk2.pc
config.status:1174: creating multiarcballmm.pc
config.status:1174: creating config.h
config.status:1346: config.h is unchanged
config.status:1394: executing depfiles commands
config.status:1394: executing libtool commands
