[31mTue May 14 20:44:06 2013: 'temp' '35' '0' '0' '0' '1368589446'
[0m[31mTue May 14 20:44:12 2013: 'temp' '281' '0' '0' '0' '1368589452'
[0m[31mTue May 14 20:44:18 2013: 'temp' '131' '0' '0' '0' '1368589458'
[0m[31mTue May 14 20:44:24 2013: 'temp' '220' '0' '0' '0' '1368589464'
[0m[31mTue May 14 20:44:30 2013: 'temp' '274' '0' '0' '0' '1368589470'
[0m[31mTue May 14 20:44:36 2013: 'temp' '162' '0' '0' '0' '1368589476'
[0m[31mTue May 14 20:44:57 2013: 'laser' '19' '6568' '0' '0' '1368589497'
[0m[31mTue May 14 20:44:59 2013: 'temp' '248' '0' '0' '0' '1368589499'
[0m[31mTue May 14 20:45:01 2013: 'laser' '24' '3758' '0' '0' '1368589501'
[0m[31mTue May 14 20:45:05 2013: 'laser' '133' '5510' '0' '0' '1368589505'
[0m[31mTue May 14 20:45:05 2013: 'temp' '98' '0' '0' '0' '1368589505'
[0m[31mTue May 14 20:45:09 2013: 'laser' '134' '1709' '0' '0' '1368589509'
[0m[31mTue May 14 20:45:11 2013: 'temp' '15' '0' '0' '0' '1368589511'
[0m[31mTue May 14 20:45:13 2013: 'laser' '296' '879' '0' '0' '1368589513'
[0m[31mTue May 14 20:45:17 2013: 'temp' '283' '0' '0' '0' '1368589517'
[0m[31mTue May 14 20:45:17 2013: 'laser' '234' '5124' '0' '0' '1368589517'
[0m[31mTue May 14 20:45:45 2013: 'laser' '290' '601' '0' '0' '1368589545'
[0m[31mTue May 14 20:45:47 2013: 'temp' '187' '0' '0' '0' '1368589547'
[0m[31mTue May 14 20:45:49 2013: 'laser' '0' '3655' '0' '0' '1368589549'
[0m[31mTue May 14 20:45:53 2013: 'temp' '49' '0' '0' '0' '1368589553'
[0m[31mTue May 14 20:45:53 2013: 'laser' '38' '1069' '0' '0' '1368589553'
[0m[31mTue May 14 20:45:57 2013: 'laser' '70' '2273' '0' '0' '1368589557'
[0m[31mTue May 14 20:45:59 2013: 'temp' '205' '0' '0' '0' '1368589559'
[0m[31mTue May 14 20:46:01 2013: 'laser' '309' '3808' '0' '0' '1368589561'
[0m[31mTue May 14 20:46:05 2013: 'temp' '131' '0' '0' '0' '1368589565'
[0m[31mTue May 14 20:46:05 2013: 'laser' '65' '2627' '0' '0' '1368589565'
[0m[31mTue May 14 20:46:09 2013: 'laser' '121' '3188' '0' '0' '1368589569'
[0m[31mTue May 14 20:46:11 2013: 'temp' '89' '0' '0' '0' '1368589571'
[0m[31mTue May 14 20:46:13 2013: 'laser' '283' '4618' '0' '0' '1368589573'
[0m[31mTue May 14 20:46:17 2013: 'temp' '189' '0' '0' '0' '1368589577'
[0m[31mTue May 14 20:46:17 2013: 'laser' '35' '1624' '0' '0' '1368589577'
[0m[31mTue May 14 20:46:21 2013: 'laser' '185' '5496' '0' '0' '1368589581'
[0m[31mTue May 14 20:46:23 2013: 'temp' '209' '0' '0' '0' '1368589583'
[0m[31mTue May 14 20:46:25 2013: 'laser' '217' '1178' '0' '0' '1368589585'
[0m[31mTue May 14 20:46:29 2013: 'temp' '263' '0' '0' '0' '1368589589'
[0m[31mTue May 14 20:46:29 2013: 'laser' '139' '780' '0' '0' '1368589589'
[0m[31mTue May 14 20:46:33 2013: 'laser' '144' '5478' '0' '0' '1368589593'
[0m[31mTue May 14 20:46:35 2013: 'temp' '140' '0' '0' '0' '1368589595'
[0m[31mTue May 14 20:46:37 2013: 'laser' '279' '5727' '0' '0' '1368589597'
[0m[31mTue May 14 20:46:41 2013: 'temp' '298' '0' '0' '0' '1368589601'
[0m[31mTue May 14 20:46:42 2013: 'laser' '60' '5038' '0' '0' '1368589601'
[0m[31mTue May 14 20:46:45 2013: 'laser' '164' '2697' '0' '0' '1368589605'
[0m[31mTue May 14 20:46:47 2013: 'temp' '79' '0' '0' '0' '1368589607'
[0m[31mTue May 14 20:46:49 2013: 'laser' '132' '528' '0' '0' '1368589609'
[0m[31mTue May 14 20:46:53 2013: 'temp' '197' '0' '0' '0' '1368589613'
[0m[31mTue May 14 20:46:53 2013: 'laser' '80' '930' '0' '0' '1368589613'
[0m[31mTue May 14 20:46:57 2013: 'laser' '65' '801' '0' '0' '1368589617'
[0m[31mTue May 14 20:46:59 2013: 'temp' '125' '0' '0' '0' '1368589619'
[0m[31mTue May 14 20:47:01 2013: 'laser' '204' '4890' '0' '0' '1368589621'
[0m[31mTue May 14 20:47:05 2013: 'temp' '160' '0' '0' '0' '1368589625'
[0m[31mTue May 14 20:47:05 2013: 'laser' '340' '2628' '0' '0' '1368589625'
[0m[31mTue May 14 20:47:09 2013: 'laser' '176' '2742' '0' '0' '1368589629'
[0m[31mTue May 14 20:47:11 2013: 'temp' '25' '0' '0' '0' '1368589631'
[0m[31mTue May 14 20:47:13 2013: 'laser' '27' '5805' '0' '0' '1368589633'
[0m[31mTue May 14 20:47:17 2013: 'temp' '216' '0' '0' '0' '1368589637'
[0m[31mTue May 14 20:47:18 2013: 'laser' '167' '6821' '0' '0' '1368589637'
[0m[31mTue May 14 20:47:21 2013: 'laser' '175' '3708' '0' '0' '1368589641'
[0m[31mTue May 14 20:47:23 2013: 'temp' '193' '0' '0' '0' '1368589643'
[0m[31mTue May 14 20:47:25 2013: 'laser' '302' '3406' '0' '0' '1368589645'
[0m[31mTue May 14 20:47:29 2013: 'temp' '185' '0' '0' '0' '1368589649'
[0m[31mTue May 14 20:47:30 2013: 'laser' '12' '82' '0' '0' '1368589649'
[0m[31mTue May 14 20:47:33 2013: 'laser' '83' '2344' '0' '0' '1368589653'
[0m[31mTue May 14 20:47:35 2013: 'temp' '115' '0' '0' '0' '1368589655'
[0m[31mTue May 14 20:47:37 2013: 'laser' '171' '4941' '0' '0' '1368589657'
[0m[31mTue May 14 20:47:41 2013: 'temp' '127' '0' '0' '0' '1368589661'
[0m[31mTue May 14 20:47:42 2013: 'laser' '253' '3726' '0' '0' '1368589661'
[0m[31mTue May 14 20:47:45 2013: 'laser' '288' '6370' '0' '0' '1368589665'
[0m[31mTue May 14 20:47:47 2013: 'temp' '182' '0' '0' '0' '1368589667'
[0m[31mTue May 14 20:47:49 2013: 'laser' '90' '1130' '0' '0' '1368589669'
[0m[31mTue May 14 20:47:53 2013: 'temp' '163' '0' '0' '0' '1368589673'
[0m[31mTue May 14 20:47:54 2013: 'laser' '78' '5739' '0' '0' '1368589673'
[0m[31mTue May 14 20:47:57 2013: 'laser' '45' '4075' '0' '0' '1368589677'
[0m[31mTue May 14 20:47:59 2013: 'temp' '126' '0' '0' '0' '1368589679'
[0m[31mTue May 14 20:48:01 2013: 'laser' '250' '6892' '0' '0' '1368589681'
[0m[31mTue May 14 20:48:05 2013: 'temp' '293' '0' '0' '0' '1368589685'
[0m[31mTue May 14 20:48:06 2013: 'laser' '343' '5539' '0' '0' '1368589685'
[0m[31mTue May 14 20:48:09 2013: 'laser' '233' '428' '0' '0' '1368589689'
[0m[31mTue May 14 20:48:11 2013: 'temp' '113' '0' '0' '0' '1368589691'
[0m[31mTue May 14 20:48:13 2013: 'laser' '232' '1014' '0' '0' '1368589693'
[0m[31mTue May 14 20:48:17 2013: 'temp' '178' '0' '0' '0' '1368589697'
[0m[31mTue May 14 20:48:18 2013: 'laser' '34' '4297' '0' '0' '1368589697'
[0m[31mTue May 14 20:48:21 2013: 'laser' '22' '2209' '0' '0' '1368589701'
[0m[31mTue May 14 20:48:23 2013: 'temp' '60' '0' '0' '0' '1368589703'
[0m[31mTue May 14 20:48:25 2013: 'laser' '243' '5888' '0' '0' '1368589705'
[0m[31mTue May 14 20:48:29 2013: 'temp' '254' '0' '0' '0' '1368589709'
[0m[31mTue May 14 20:48:30 2013: 'laser' '41' '6016' '0' '0' '1368589709'
[0m[31mTue May 14 20:48:33 2013: 'laser' '324' '1524' '0' '0' '1368589713'
[0m[31mTue May 14 20:49:11 2013: 'temp' '80' '0' '0' '0' '1368589751'
[0m[31mTue May 14 20:49:35 2013: 'temp' '106' '0' '0' '0' '1368589775'
[0m[31mTue May 14 20:49:37 2013: 'laser' '62' '1376' '0' '0' '1368589777'
[0m[31mTue May 14 20:50:45 2013: 'laser' '96' '5361' '0' '0' '1368589845'
[0m[31mTue May 14 20:50:47 2013: 'temp' '289' '0' '0' '0' '1368589847'
[0m[31mTue May 14 20:51:50 2013: 'laser' '206' '5565' '0' '0' '1368589909'
[0m[31mTue May 14 20:52:05 2013: 'temp' '209' '0' '0' '0' '1368589925'
[0m[31mTue May 14 20:52:06 2013: 'laser' '188' '918' '0' '0' '1368589925'
[0m[31mTue May 14 20:52:18 2013: 'temp' '43' '0' '0' '0' '1368589937'
[0m[31mTue May 14 20:52:18 2013: 'laser' '46' '4023' '0' '0' '1368589938'
[0m[31mTue May 14 20:52:53 2013: 'temp' '263' '0' '0' '0' '1368589973'
[0m[31mTue May 14 20:54:50 2013: 'laser' '84' '802' '0' '0' '1368590089'
[0m[31mTue May 14 20:55:22 2013: 'laser' '114' '113' '0' '0' '1368590121'
[0m[31mTue May 14 20:55:58 2013: 'laser' '158' '1527' '0' '0' '1368590157'
[0m[31mTue May 14 20:57:36 2013: 'temp' '1' '0' '0' '0' '1368590255'
[0m[31mTue May 14 20:57:54 2013: 'temp' '50' '0' '0' '0' '1368590274'
[0m[31mTue May 14 20:57:54 2013: 'laser' '94' '6409' '0' '0' '1368590274'
[0m[31mTue May 14 20:58:22 2013: 'laser' '10' '5348' '0' '0' '1368590302'
[0m[31mTue May 14 20:58:24 2013: 'temp' '234' '0' '0' '0' '1368590304'
[0m[31mTue May 14 20:58:26 2013: 'laser' '134' '4493' '0' '0' '1368590306'
[0m[31mTue May 14 20:58:30 2013: 'temp' '3' '0' '0' '0' '1368590310'
[0m[31mTue May 14 20:58:30 2013: 'laser' '151' '3404' '0' '0' '1368590310'
[0m[31mTue May 14 20:58:34 2013: 'laser' '7' '866' '0' '0' '1368590314'
[0m[31mTue May 14 20:58:36 2013: 'temp' '33' '0' '0' '0' '1368590316'
[0m[31mTue May 14 20:58:38 2013: 'laser' '347' '5069' '0' '0' '1368590318'
[0m[31mTue May 14 20:58:42 2013: 'temp' '127' '0' '0' '0' '1368590322'
[0m[31mTue May 14 20:58:42 2013: 'laser' '109' '1167' '0' '0' '1368590322'
[0m[31mTue May 14 20:58:46 2013: 'laser' '200' '707' '0' '0' '1368590326'
[0m[31mTue May 14 20:58:48 2013: 'temp' '286' '0' '0' '0' '1368590328'
[0m[31mTue May 14 20:58:50 2013: 'laser' '8' '4691' '0' '0' '1368590330'
[0m[31mTue May 14 20:58:54 2013: 'temp' '91' '0' '0' '0' '1368590334'
[0m[31mTue May 14 20:58:54 2013: 'laser' '213' '2040' '0' '0' '1368590334'
[0m[31mTue May 14 20:58:58 2013: 'laser' '352' '6166' '0' '0' '1368590338'
[0m[31mTue May 14 20:59:00 2013: 'temp' '100' '0' '0' '0' '1368590340'
[0m[31mTue May 14 20:59:02 2013: 'laser' '281' '2822' '0' '0' '1368590342'
[0m[31mTue May 14 20:59:06 2013: 'temp' '147' '0' '0' '0' '1368590346'
[0m[31mTue May 14 20:59:06 2013: 'laser' '233' '6272' '0' '0' '1368590346'
[0m[31mTue May 14 20:59:10 2013: 'laser' '75' '3767' '0' '0' '1368590350'
[0m[31mTue May 14 20:59:12 2013: 'temp' '19' '0' '0' '0' '1368590352'
[0m[31mTue May 14 20:59:14 2013: 'laser' '40' '1023' '0' '0' '1368590354'
[0m[31mTue May 14 20:59:18 2013: 'temp' '230' '0' '0' '0' '1368590358'
[0m[31mTue May 14 20:59:18 2013: 'laser' '324' '1790' '0' '0' '1368590358'
[0m[31mTue May 14 20:59:22 2013: 'laser' '169' '1929' '0' '0' '1368590362'
[0m[31mTue May 14 20:59:24 2013: 'temp' '90' '0' '0' '0' '1368590364'
[0m[31mTue May 14 20:59:26 2013: 'laser' '158' '909' '0' '0' '1368590366'
[0m[31mTue May 14 20:59:30 2013: 'temp' '251' '0' '0' '0' '1368590370'
[0m[31mTue May 14 20:59:30 2013: 'laser' '85' '2821' '0' '0' '1368590370'
[0m[31mTue May 14 20:59:34 2013: 'laser' '138' '2023' '0' '0' '1368590374'
[0m[31mTue May 14 20:59:36 2013: 'temp' '181' '0' '0' '0' '1368590376'
[0m[31mTue May 14 20:59:38 2013: 'laser' '261' '66' '0' '0' '1368590378'
[0m[31mTue May 14 20:59:42 2013: 'temp' '35' '0' '0' '0' '1368590382'
[0m[31mTue May 14 20:59:42 2013: 'laser' '222' '2258' '0' '0' '1368590382'
[0m[31mTue May 14 20:59:46 2013: 'laser' '273' '794' '0' '0' '1368590386'
[0m[31mTue May 14 20:59:48 2013: 'temp' '172' '0' '0' '0' '1368590388'
[0m[31mTue May 14 20:59:50 2013: 'laser' '336' '2441' '0' '0' '1368590390'
[0m[31mTue May 14 20:59:54 2013: 'temp' '105' '0' '0' '0' '1368590394'
[0m[31mTue May 14 20:59:54 2013: 'laser' '280' '6788' '0' '0' '1368590394'
[0m[31mTue May 14 20:59:58 2013: 'laser' '324' '519' '0' '0' '1368590398'
[0m[31mTue May 14 21:00:00 2013: 'temp' '29' '0' '0' '0' '1368590400'
[0m[31mTue May 14 21:00:02 2013: 'laser' '187' '6702' '0' '0' '1368590402'
[0m[31mTue May 14 21:00:06 2013: 'temp' '225' '0' '0' '0' '1368590406'
[0m[31mTue May 14 21:00:06 2013: 'laser' '290' '4103' '0' '0' '1368590406'
[0m[31mTue May 14 21:00:10 2013: 'laser' '275' '6380' '0' '0' '1368590410'
[0m[31mTue May 14 21:00:12 2013: 'temp' '121' '0' '0' '0' '1368590412'
[0m[31mTue May 14 21:00:14 2013: 'laser' '24' '2483' '0' '0' '1368590414'
[0m[31mTue May 14 21:00:18 2013: 'temp' '258' '0' '0' '0' '1368590418'
[0m[31mTue May 14 21:00:18 2013: 'laser' '205' '1941' '0' '0' '1368590418'
[0m[31mTue May 14 21:00:22 2013: 'laser' '193' '1667' '0' '0' '1368590422'
[0m[31mTue May 14 21:00:24 2013: 'temp' '295' '0' '0' '0' '1368590424'
[0m[31mTue May 14 21:00:26 2013: 'laser' '99' '5654' '0' '0' '1368590426'
[0m[31mTue May 14 21:00:30 2013: 'temp' '37' '0' '0' '0' '1368590430'
[0m[31mTue May 14 21:00:30 2013: 'laser' '358' '1807' '0' '0' '1368590430'
[0m[31mTue May 14 21:00:34 2013: 'laser' '171' '3882' '0' '0' '1368590434'
[0m[31mTue May 14 21:00:36 2013: 'temp' '235' '0' '0' '0' '1368590436'
[0m[31mTue May 14 21:00:38 2013: 'laser' '325' '87' '0' '0' '1368590438'
[0m[31mTue May 14 21:00:42 2013: 'temp' '36' '0' '0' '0' '1368590442'
[0m[31mTue May 14 21:00:42 2013: 'laser' '193' '4411' '0' '0' '1368590442'
[0m[31mTue May 14 21:00:46 2013: 'laser' '327' '6342' '0' '0' '1368590446'
[0m[31mTue May 14 21:00:48 2013: 'temp' '111' '0' '0' '0' '1368590448'
[0m[31mTue May 14 21:00:50 2013: 'laser' '301' '3568' '0' '0' '1368590450'
[0m[31mTue May 14 21:00:54 2013: 'temp' '101' '0' '0' '0' '1368590454'
[0m[31mTue May 14 21:00:54 2013: 'laser' '84' '75' '0' '0' '1368590454'
[0m[31mTue May 14 21:00:58 2013: 'laser' '181' '1985' '0' '0' '1368590458'
[0m[31mTue May 14 21:01:00 2013: 'temp' '139' '0' '0' '0' '1368590460'
[0m[31mTue May 14 21:01:02 2013: 'laser' '144' '843' '0' '0' '1368590462'
[0m[31mTue May 14 21:01:06 2013: 'temp' '276' '0' '0' '0' '1368590466'
[0m[31mTue May 14 21:01:06 2013: 'laser' '117' '3428' '0' '0' '1368590466'
[0m[31mTue May 14 21:01:10 2013: 'laser' '235' '6552' '0' '0' '1368590470'
[0m[31mTue May 14 21:01:12 2013: 'temp' '28' '0' '0' '0' '1368590472'
[0m[31mTue May 14 21:01:14 2013: 'laser' '289' '1241' '0' '0' '1368590474'
[0m[31mTue May 14 21:01:18 2013: 'temp' '138' '0' '0' '0' '1368590478'
[0m[31mTue May 14 21:01:18 2013: 'laser' '129' '6373' '0' '0' '1368590478'
[0m[31mTue May 14 21:01:22 2013: 'laser' '240' '2344' '0' '0' '1368590482'
[0m[31mTue May 14 21:01:24 2013: 'temp' '98' '0' '0' '0' '1368590484'
[0m[31mTue May 14 21:01:26 2013: 'laser' '87' '432' '0' '0' '1368590486'
[0m[31mTue May 14 21:01:30 2013: 'temp' '163' '0' '0' '0' '1368590490'
[0m[31mTue May 14 21:01:30 2013: 'laser' '130' '6040' '0' '0' '1368590490'
[0m[31mTue May 14 21:01:34 2013: 'laser' '266' '5481' '0' '0' '1368590494'
[0m[31mTue May 14 21:01:36 2013: 'temp' '1' '0' '0' '0' '1368590496'
[0m[31mTue May 14 21:01:38 2013: 'laser' '346' '3082' '0' '0' '1368590498'
[0m[31mTue May 14 21:01:42 2013: 'temp' '266' '0' '0' '0' '1368590502'
[0m[31mTue May 14 21:01:42 2013: 'laser' '341' '63' '0' '0' '1368590502'
[0m[31mTue May 14 21:01:46 2013: 'laser' '163' '4192' '0' '0' '1368590506'
[0m[31mTue May 14 21:01:48 2013: 'temp' '179' '0' '0' '0' '1368590508'
[0m[31mTue May 14 21:01:50 2013: 'laser' '319' '1920' '0' '0' '1368590510'
[0m[31mTue May 14 21:01:54 2013: 'temp' '289' '0' '0' '0' '1368590514'
[0m[31mTue May 14 21:01:54 2013: 'laser' '307' '1316' '0' '0' '1368590514'
[0m[31mTue May 14 21:01:58 2013: 'laser' '341' '4155' '0' '0' '1368590518'
[0m[31mTue May 14 21:02:00 2013: 'temp' '117' '0' '0' '0' '1368590520'
[0m[31mTue May 14 21:02:02 2013: 'laser' '303' '3793' '0' '0' '1368590522'
[0m[31mTue May 14 21:02:06 2013: 'temp' '126' '0' '0' '0' '1368590526'
[0m[31mTue May 14 21:02:06 2013: 'laser' '308' '313' '0' '0' '1368590526'
[0m[31mTue May 14 21:02:10 2013: 'laser' '183' '6158' '0' '0' '1368590530'
[0m[31mTue May 14 21:02:12 2013: 'temp' '72' '0' '0' '0' '1368590532'
[0m[31mTue May 14 21:02:14 2013: 'laser' '95' '5521' '0' '0' '1368590534'
[0m[31mTue May 14 21:02:18 2013: 'temp' '143' '0' '0' '0' '1368590538'
[0m[31mTue May 14 21:02:18 2013: 'laser' '207' '1579' '0' '0' '1368590538'
[0m[31mTue May 14 21:02:22 2013: 'laser' '196' '6149' '0' '0' '1368590542'
[0m[31mTue May 14 21:02:24 2013: 'temp' '257' '0' '0' '0' '1368590544'
[0m[31mTue May 14 21:02:26 2013: 'laser' '359' '4967' '0' '0' '1368590546'
[0m[31mTue May 14 21:02:30 2013: 'temp' '58' '0' '0' '0' '1368590550'
[0m[31mTue May 14 21:02:30 2013: 'laser' '214' '5770' '0' '0' '1368590550'
[0m[31mTue May 14 21:02:34 2013: 'laser' '162' '6854' '0' '0' '1368590554'
[0m[31mTue May 14 21:02:36 2013: 'temp' '169' '0' '0' '0' '1368590556'
[0m[31mTue May 14 21:02:38 2013: 'laser' '3' '4195' '0' '0' '1368590558'
[0m[31mTue May 14 21:02:42 2013: 'temp' '49' '0' '0' '0' '1368590562'
[0m[31mTue May 14 21:02:42 2013: 'laser' '79' '3736' '0' '0' '1368590562'
[0m[31mTue May 14 21:02:46 2013: 'laser' '144' '6756' '0' '0' '1368590566'
[0m[31mTue May 14 21:02:49 2013: 'temp' '171' '0' '0' '0' '1368590568'
[0m[31mTue May 14 21:02:50 2013: 'laser' '10' '5035' '0' '0' '1368590570'
[0m[31mTue May 14 21:02:54 2013: 'temp' '231' '0' '0' '0' '1368590574'
[0m[31mTue May 14 21:02:54 2013: 'laser' '115' '3010' '0' '0' '1368590574'
[0m[31mTue May 14 21:02:58 2013: 'laser' '329' '1788' '0' '0' '1368590578'
[0m[31mTue May 14 21:03:00 2013: 'temp' '165' '0' '0' '0' '1368590580'
[0m[31mTue May 14 21:03:02 2013: 'laser' '283' '5783' '0' '0' '1368590582'
[0m[31mTue May 14 21:03:06 2013: 'temp' '13' '0' '0' '0' '1368590586'
[0m[31mTue May 14 21:03:06 2013: 'laser' '142' '1259' '0' '0' '1368590586'
[0m[31mTue May 14 21:03:10 2013: 'laser' '94' '3252' '0' '0' '1368590590'
[0m[31mTue May 14 21:03:12 2013: 'temp' '270' '0' '0' '0' '1368590592'
[0m[31mTue May 14 21:03:14 2013: 'laser' '261' '5862' '0' '0' '1368590594'
[0m[31mTue May 14 21:03:18 2013: 'temp' '245' '0' '0' '0' '1368590598'
[0m[31mTue May 14 21:03:18 2013: 'laser' '103' '5665' '0' '0' '1368590598'
[0m[31mTue May 14 21:03:22 2013: 'laser' '151' '1225' '0' '0' '1368590602'
[0m[31mTue May 14 21:03:24 2013: 'temp' '240' '0' '0' '0' '1368590604'
[0m[31mTue May 14 21:03:26 2013: 'laser' '226' '5774' '0' '0' '1368590606'
[0m[31mTue May 14 21:03:30 2013: 'temp' '79' '0' '0' '0' '1368590610'
[0m[31mTue May 14 21:03:30 2013: 'laser' '154' '4830' '0' '0' '1368590610'
[0m[31mTue May 14 21:03:34 2013: 'laser' '327' '1858' '0' '0' '1368590614'
[0m[31mTue May 14 21:03:36 2013: 'temp' '280' '0' '0' '0' '1368590616'
[0m[31mTue May 14 21:03:38 2013: 'laser' '34' '5589' '0' '0' '1368590618'
[0m[31mTue May 14 21:03:42 2013: 'temp' '96' '0' '0' '0' '1368590622'
[0m[31mTue May 14 21:03:42 2013: 'laser' '284' '5831' '0' '0' '1368590622'
[0m[31mTue May 14 21:03:46 2013: 'laser' '336' '4702' '0' '0' '1368590626'
[0m[31mTue May 14 21:03:48 2013: 'temp' '194' '0' '0' '0' '1368590628'
[0m[31mTue May 14 21:03:50 2013: 'laser' '351' '3567' '0' '0' '1368590630'
[0m[31mTue May 14 21:03:54 2013: 'temp' '88' '0' '0' '0' '1368590634'
[0m[31mTue May 14 21:03:54 2013: 'laser' '202' '5933' '0' '0' '1368590634'
[0m[31mThu May 16 22:48:42 2013: 'laser' '313' '5068' '0' '0' '1368769722'
[0m[31mThu May 16 22:48:44 2013: 'temp' '121' '0' '0' '0' '1368769724'
[0m[31mThu May 16 22:48:46 2013: 'laser' '186' '5389' '0' '0' '1368769726'
[0m[31mThu May 16 22:48:50 2013: 'laser' '136' '2304' '0' '0' '1368769730'
[0m[31mThu May 16 22:48:54 2013: 'laser' '239' '28' '0' '0' '1368769734'
[0m[31mThu May 16 22:48:56 2013: 'temp' '258' '0' '0' '0' '1368769736'
[0m[31mThu May 16 22:48:58 2013: 'laser' '359' '1683' '0' '0' '1368769738'
[0m[31mThu May 16 22:49:02 2013: 'temp' '248' '0' '0' '0' '1368769742'
[0m[31mThu May 16 22:49:06 2013: 'laser' '143' '1523' '0' '0' '1368769746'
[0m[31mThu May 16 22:49:08 2013: 'temp' '106' '0' '0' '0' '1368769748'
[0m[31mThu May 16 22:49:10 2013: 'laser' '262' '513' '0' '0' '1368769750'
[0m[31mThu May 16 22:49:14 2013: 'laser' '112' '4857' '0' '0' '1368769754'
[0m[31mThu May 16 22:49:18 2013: 'laser' '293' '1187' '0' '0' '1368769758'
[0m[31mThu May 16 22:49:21 2013: 'temp' '69' '0' '0' '0' '1368769760'
[0m[31mThu May 16 22:49:22 2013: 'laser' '168' '1975' '0' '0' '1368769762'
[0m[31mThu May 16 22:49:26 2013: 'laser' '71' '5289' '0' '0' '1368769766'
[0m[31mThu May 16 22:49:27 2013: 'temp' '0' '0' '0' '0' '1368769766'
[0m[31mThu May 16 22:49:30 2013: 'laser' '268' '4472' '0' '0' '1368769770'
[0m[31mThu May 16 22:49:32 2013: 'temp' '267' '0' '0' '0' '1368769772'
[0m[31mThu May 16 22:49:34 2013: 'laser' '290' '1000' '0' '0' '1368769774'
[0m[31mThu May 16 22:49:38 2013: 'laser' '291' '4538' '0' '0' '1368769778'
[0m[31mThu May 16 22:49:39 2013: 'temp' '19' '0' '0' '0' '1368769778'
[0m[31mThu May 16 22:49:42 2013: 'laser' '271' '1048' '0' '0' '1368769782'
[0m[31mThu May 16 22:49:44 2013: 'temp' '130' '0' '0' '0' '1368769784'
[0m[31mThu May 16 22:49:46 2013: 'laser' '34' '2396' '0' '0' '1368769786'
[0m[31mThu May 16 22:49:50 2013: 'laser' '243' '5635' '0' '0' '1368769790'
[0m[31mTue May 21 20:54:27 2013: 'laser' '142' '6915' '0' '0' '1369194867'
[0m[31mTue May 21 20:54:29 2013: 'temp' '260' '0' '0' '0' '1369194869'
[0m[31mTue May 21 20:54:31 2013: 'laser' '176' '1923' '0' '0' '1369194871'
[0m[31mTue May 21 20:54:35 2013: 'laser' '228' '5596' '0' '0' '1369194875'
[0m[31mTue May 21 20:54:35 2013: 'temp' '239' '0' '0' '0' '1369194875'
[0m[31mThu May 23 20:19:10 2013: 'laser' '336' '302' '0' '0' '1369365550'
[0m[31mThu May 23 20:19:12 2013: 'temp' '84' '0' '0' '0' '1369365552'
[0m[31mThu May 23 20:19:14 2013: 'laser' '67' '3535' '0' '0' '1369365554'
[0m